
!
!=
!|%s
"
"%s"
"%s" = "%s"
"%s":%d
#
#base
#base is NULL
#empty#
#include
#include is NULL
#int#
$
$ORIGIN
%
%%%&
%-120s
%-120s - %s
%.14g
%016llx
%12.6f
%d %d %d %d
%d total counted strings.
%d:
%f %f %f %f
%g %g %g %g
%hd
%hu
%i %i %i %i
%ld
%lf
%lg
%lld
%llu
%ls [wstring, len = %d]
%p:%d
%s %p [%f %f %f]
%s <null>
%s at line %d
%s called with %d arguments - expected %d
%s called with %d arguments - expected %d-%d
%s expected, got %s
%s has no instance glue - are you doing objectName.%s instead of objectName:%s?
%s near '%s'
%s parameter %d: expected %s but got %s.
%s%d
%s%s
%s,
%s.so
%s: %p
%s: string format requested %d chars
%s:%d: %s
%s="%d"
%s="%s"
%s|%d
%u
&
&&
'%s' cannot be indexed
'%s' cannot be indexed with '%s'
'%s' expected
'%s' expected (to close '%s' at line %d)
'%s' has no '%s' metamethod
'%s' has no member named '%s'
'%s' is not callable
'=' or 'in' expected
'for' initial value must be a number
'for' limit must be a number
'for' step must be a number
'module' not called from a Lua function
'package.%s' must be a string
'package.loaders' must be a table
'package.preload' must be a table
'setfenv' cannot change environment of given object
'tostring' must return a string to 'print'
(
( def. "%s" )
(%s) %s:%d
(*%s*),
(*temporary)
(*vararg)
(for control)
(for generator)
(for index)
(for limit)
(for state)
(for step)
(null)
)
)))
*
+
,
->
-avx
-luajit
-sse2
-sse3
-sse4
../public/ordered_constructor.h
../public/tier1/utlrbtree.h
./?.lua;/usr/local/share/luajit-2.0.4/?.lua;/usr/local/share/lua/5.1/?.lua;/usr/local/share/lua/5.1/?/init.lua
./?.so;/usr/local/lib/lua/5.1/?.so;/usr/local/lib/lua/5.1/loadall.so
.local
.lua
.steam
/
/* GNU ld script
/;?!-
/>
0
0123456789abcdef
0@volatile
0x%016llX
0x%p
1
1.0
10ConCommand
127.0.0.1
12CEmptyConVar
12CThreadEvent
1434713789_main
14CBaseAppSystemI14IScriptManagerE
14CScriptManager
14ConCommandBase
14IScriptManager
15CTier0AppSystemI14IScriptManagerE
15CTier1AppSystemI14IScriptManagerLi0EE
15CTier2AppSystemI14IScriptManagerLi0EE
15IScriptDebugger
16CDefaultAccessor
18CCountedStringPool
18CUtlCharConversion
19IKeyValuesErrorSpew
2
20CPostConnectCallback
21CUtlCStringConversion
21IKeyValuesDumpContext
22CSchemaInstallCallback
23CSplitScreenAddedConVar
23IConCommandBaseAccessor
24IStack_VM_Segment_Marker
26CDefaultKeyValuesErrorSpew
27IKeyValuesDumpContextAsText
28CStack_Lua_VM_Segment_Marker
29CKeyValuesDumpContextAsDevMsg
3
3C
4
4C
6CLuaVM
6CNopVM
6ConVar
7CLuaDbg
7IConVar
8C
8CFmtStrNILi256ELb0EE
9IScriptVM
:
::
;;
<%s
</%s>
<<
<< NULL >>
<=
<?xml version="1.0" encoding="UTF-8"?>
<NULL>
<eof>
<goto %s> jumps into the scope of local '%s'
<identifier>
<integer>
<name>
<name> or '...' expected
<number>
<string>
<unknown>
=(debug command)
=(load)
==
=[C]
=stdin
>
>%s
><![CDATA[%s]]>
>=
>>
?
@
@%s
@@
@libvscript.so
APPSYSTEM: In ConnectInterfaces(), s_nRegistrationCount is %d!
AnimGraphEditorUtils001
AnimationSystemUtils_001
AnimationSystem_001
AssetBrowserSystem_001
AssetPreviewSystem_001
AssetSystem001
AssetSystemTest001
Attempted to ConvertToCopiedData for unsupported type (%d)
B
Bad expression operator: '%c%c', expected C style boolean expression operator.
Bad expression syntax: '%s', expected a single matching pair of enclosing braces.
Bad expression token: %c
BakedLODBuilderMgr001
BenchmarkService001
BinaryProperties_GetValue
BitwiseAnd
BitwiseNot
BitwiseOr
BitwiseXor
Breakpoint type (%s) not supported.
C
C++ exception
CBufferString::Relinquish(CBufferString::EAllocationOption_t)
CCommand::Tokenize: Encountered command which overflows the argument buffer.. Clamped!
CCommand::Tokenize: Encountered command which overflows the tokenizer buffer.. Skipping!
CDesc
CMemAllocSystemInitialize
COLORCORRECTION_VERSION_1
CThreadEvent::CThreadEvent(bool)
CThreadEvent::Set()
CThreadFastMutex::Lock(unsigned long long, unsigned int) volatile
CThreadRWLock::LockForWrite()
CThreadRWLock::UnlockWrite()
CThreadRWLock::WaitForRead()
CThreadSpinRWLock::LockForRead()
CThreadSpinRWLock::SpinLockForWrite(unsigned long long)
CThreadSpinRWLock::UnlockRead()
CThreadSpinRWLock::UnlockWrite()
CThreadSyncObject::WaitImpl(unsigned int)
CThreadSyncObject::~CThreadSyncObject()
CUtlBuffer::VaPrintf: String overflowed buffer [%llu]
CUtlMemoryPoolBase
CUtlMemoryPoolBase: Cannot specify 0 elements to grow each time!
CUtlRBTree overflow with %u elements!
CVirtualMachineCallStackTranslationEncoder::CVirtualMachineCallStackTranslationEncoder(char const*)
CVirtualMachineCallStackTranslationEncoder::EncodeAsNativePointer(char const*, char const*, unsigned int)
CVirtualMachineCallStackTranslationEncoder::~CVirtualMachineCallStackTranslationEncoder()
CXXABI_1.3
CXXABI_1.3.8
Cannot recover from failed socket shutdown.
ClearBit
CloseSocket
CommandLine
ConMsg(char const*, ...)
ConVar(%s) defined with infinite float value (%s)
ConVarRef %s doesn't point to an existing ConVar
Conditional Error: %s
ConfigurationSystem_001
ConnectInterfaces
Constructor called without a class constructor - internal error?
CreateInterface
CreateNonBlockingSocket
Cross
D
DEMO
DebugTextureInfo001
Debugger
DevMsg
DevMsg(char const*, ...)
Dot
DotaCardGameClient_001
DynASM 1.3.0
EDesc
EMPTY - ok for slot zero only!
EXPORTSYSTEM_INTERFACE_VERSION_001
EarlyInit_Tier0
EconItemToolModel_001
EngineServiceMgr001
EnvironmentMapBuilder_001
Error: Duplicate command handler registered (%s)!
Eval
EventSystem001
F
FCVAR_NEVER_AS_STRING
FDesc
FILE*
FTYPEDESC_ADDITIONAL_FIELDS
FTYPEDESC_ENUM
FTYPEDESC_EXPLICIT_BASE
FTYPEDESC_FUNCTIONTABLE
FTYPEDESC_GEN_ARRAY_KEYNAMES_0
FTYPEDESC_GEN_ARRAY_KEYNAMES_1
FTYPEDESC_GLOBAL
FTYPEDESC_INPUT
FTYPEDESC_INSENDTABLE
FTYPEDESC_KEY
FTYPEDESC_MODELINDEX
FTYPEDESC_NOERRORCHECK
FTYPEDESC_NONE
FTYPEDESC_OUTPUT
FTYPEDESC_OVERRIDE
FTYPEDESC_OVERRIDE_RECURSIVE
FTYPEDESC_PRIVATE
FTYPEDESC_PROCEDURAL_KEYFIELD
FTYPEDESC_PTR
FTYPEDESC_REMOVED_KEYFIELD
FTYPEDESC_SAVE
FTYPEDESC_SCHEMA_INITIALIZED
FTYPEDESC_WAS_INPUT
FTYPEDESC_WAS_OUTPUT
Failed to find %s
Failed to read %s
FeedData
FlattenedSerializersVersion001
FmtStrVSNPrintf truncated to %d without QUIET_TRUNCATION specified! String: "%s"
FontManager_001
FormatV
Forward
GAME
GAMECONSOLE
GCC: (Ubuntu 4.8.1-2ubuntu1~12.04+steamrt2+srt1) 4.8.1
GCC: (Ubuntu 5.4.0-7steamrt1+srt1) 5.4.1 20160803
GLIBCXX_3.4
GLIBC_2.14
GLIBC_2.2.5
GLIBC_2.3
GLIBC_2.3.4
GLIBC_2.4
GLIBC_2.7
GNU
GameResourceServiceClientV001
GameResourceServiceServerV001
GameUIService_001
Generate a random floating point number within a range, inclusive
Generate a random integer within a range, inclusive
GetCPUInformation
GetResourceManifestCount
GetResourceManifests
Global
Globals
H
HIGHDPI
HammerMapLoader001
HelpSystem_001
HookUpConfigValue
HostStateMgr001
I
IQuickTime001
InputService_001
InputStackSystemVersion001
InputSystemVersion001
InstallChangeCallback called with NULL callback, ignoring!!!
InstallChangeCallback ignoring duplicate change callback!!!
InstallSchemaBindings
Intentionally vague touch behavior for %p
Invalid connection type.
Invalid context (id=%d)
Invalid stack level (%d)
IsBitSet
IsNull
IsNull called without an object - did you call obj.IsNull() instead of obj:IsNull()?
J
JIT compiler disabled, CPU does not support SSE2
K
KV Conditional Evaluation Error
KeyValueCache001
KeyValues Error: %s in file %s
KeyValues::ParseIncludedKeys: Couldn't load included keyvalue file %s
KeyValues::RecursiveSaveToFile: TODO, missing code for TYPE_COLOR.
KeyValues::SaveToFile: couldn't open file "%s" in path "%s".
KeyValuesSystem
LINUX
LOADLIB: %s
LOG_GENERAL
LOWVIOLENCE
LUA Memory usage warning: The VM has hit a new high usage of %s bytes.
LUA Memory usage: The VM has a usage of %s bytes.
LUA_CPATH
LUA_NOENV
LUA_PATH
Left
Length
Length2D
Lerp
Linux
LoadAndCompileScriptFile: Failed to compile script file "%s"
LoadAndCompileScriptFile: No filesystem found
LoadAndCompileScriptFile: Script file "%s" type does not match VM type
LoadFromBuffer: expected '{', found '%s'
Local
Localize_001
LoggingSystem_IsChannelEnabled
LoggingSystem_Log
LoggingSystem_Log(int, LoggingSeverity_t, Color, char const*, ...)
LoggingSystem_Log(int, LoggingSeverity_t, LeafCodeInfo_t const&, char const*, ...)
LoggingSystem_RegisterLoggingChannel
Logic Error in CExpressionEvaluator
Lua 5.1
Lua DBGp
Lua function expected
LuaDBGp: -->
LuaDBGp: <-- %s
LuaDBGp: Failed to connect to %s:%d
LuaDBGp: Retrying to connect to %s:%d in 1s (%d/%d)
LuaDBGp: Succeeded to connect to %s:%d
LuaDBGp: Trying to connect to %s:%d
LuaDBGp: Unknown command received from the IDE - "%s"
LuaDbg - Debugging started
LuaDbg - Debugging stopped
MATCHFRAMEWORK_001
MODEL_PROCESSING_SCRIPT_INTERFACE_001
MODEL_PROCESSING_SERVICES_INTERFACE_001
MapListService_001
MaterialUtils_001
MemAlloc_AllocFunc
MemAlloc_FreeFunc
MeshSystem001
MeshUtils001
Message count limit of %d hit. Subsequent duplicate messages will be squelched.
Missing breakpoint data ( breakpoint with ID %s. )
Missing breakpoint with given ID %s.
ModelDocUtils001
Msg
Must use luaL_newstate() for 64 bit target
NULL
NYI: cannot call this C function (yet)
NYI: packed bit fields
NetworkClientService_001
NetworkMessagesVersion001
NetworkP2PService_001
NetworkServerService_001
NetworkService_001
NetworkSystemUtilsVersion001
NetworkSystemVersion001
NewNode
No conversion from %s to int now
No conversion from %s to string at the moment!
No conversion from %s to uint now
No free conversion of %s variant to %s right now
No function binding found!
Nop
Normalized
Not sure how we got here.
OSX
P?fmod
P@
PANIC: unprotected error in call to Lua API (
POSIX
PS3
PanoramaTextServices001
PanoramaUIClient001
PanoramaUIEngine001
Parameter type mismatch
ParticleSystemMgr003
Physics2 Interface Old v0.5
PhysicsBuilderMgr001
Plat_DebugPrint
Plat_ExitProcess
Plat_GetEnv
Plat_GetOSType
Plat_IsHighDPI
Plat_IsInDebugSessionRaw
Plat_MSTime
Plat_ShouldCollectMiniDumpsForFatalErrors
Plat_VirtualAlloc
Plat_VirtualFree
PostProcessingSystem_001
Print a message
Print a warning
PropertyEditorSystem_001
QAngle
Quaternion
QueuedLoaderVersion001
RandomFloat
RandomInt
RandomSeed
ReadToken overflow
RecursiveLoadFromBuffer:  got EOF instead of keyname
RecursiveLoadFromBuffer:  got NULL key
RecursiveLoadFromBuffer:  got conditional between key and value
RecursiveLoadFromBuffer:  got empty keyname
RecursiveLoadFromBuffer:  got } in key
RecursiveLoadFromBuffer:  recursion overflow
RegisterConfigValue: Unknown error constructing config value "%s"!
RegisterStringToken
Release
RenderDevice003
RenderDeviceMgr001
RenderHardwareConfig002
RenderService_001
RenderSystemSurface001
RenderUtils_001
ResourceCompilerSystem001
ResourceHandleUtils001
ResourceManifestRegistry001
ResourceSystem013
S
SOCKET_ERR_ACCEPT_FAILED
SOCKET_ERR_BAD_USER_DATA
SOCKET_ERR_BIND_OPERATION_FAILED
SOCKET_ERR_CANT_WRITE
SOCKET_ERR_CONNECTION_CLOSED
SOCKET_ERR_CONNECTION_RESET
SOCKET_ERR_CONNECT_FAILED
SOCKET_ERR_CREATE_FAILED
SOCKET_ERR_ENABLE_BLOCKING_MODE_FAILED
SOCKET_ERR_ENABLE_NON_BLOCKING_MODE_FAILED
SOCKET_ERR_EVENT_SELECT_FAILED
SOCKET_ERR_GENERAL_SOCKET_ERROR
SOCKET_ERR_HOST_NOT_FOUND
SOCKET_ERR_INVALID_CONNECTION
SOCKET_ERR_LISTEN_FAILED
SOCKET_ERR_MIXING_PACKET_SENDS
SOCKET_ERR_NO_AVAILABLE_ENDPOINTS
SOCKET_ERR_NO_INCOMING_CONNECTIONS
SOCKET_ERR_OPERATION_NOT_SUPPORTED
SOCKET_ERR_PARTIAL_PACKET_OVERFLOW
SOCKET_ERR_POLLING_OPERATION_FAILED
SOCKET_ERR_READ_OPERATION_FAILED
SOCKET_ERR_READ_OPERATION_WOULD_BLOCK
SOCKET_ERR_WRITE_OPERATION_FAILED
SOCKET_ERR_WRITE_OPERATION_WOULD_BLOCK
SSE and SSE2 are required.
SceneSystem_002
SceneUtils_001
SchemaSystem_001
SchemaTestExternal_One_001
SchemaTestExternal_Two_001
Script Runtime Error: %s
Script load error for script %s: %s
Script_Msg
Script_Warning
SerializedEntitiesVersion001
ServerUploadGameStats001
SetBit
Sln
Snlf
Socket error: %d
SoundOpSystem001
SoundOpSystemEdit001
SoundService_001
SoundSystem001
Source2Client002
Source2ClientPrediction001
Source2ClientUI001
Source2EngineToClient001
Source2EngineToClientStringTable001
Source2EngineToServer001
Source2EngineToServerStringTable001
Source2GameClients001
Source2GameEntities001
Source2Host001
Source2Server001
Source2ServerSerializers002
StatsService_001
SteamAudio001
String %d: ref:%d %s
Success
TestScriptMgr001
TextLayout_001
TextMessageMgr_001
The function %s requires too many parameters.
This object has been deleted from C++ and no longer exists. (Use :IsNull() to detect this.)
ThreadGetCurrentId
ThreadSleep
ToHexString
ToggleBit
ToolFramework2_002
ToolGameSimulationDispatcher_001
ToolGameSimulationSystem_001
ToolSceneNodeFactory_001
ToolScriptManager001
ToolService_001
Trying to set a breakpoint with missing file/line. Ensure the file is part of the Eclipse project (refresh project is necessary) and reopen the file in Eclipse.
UInt64
UPDATE_STRING_TOKEN_DATABASE
Unable to create environment
Unable to update line number for the breakpoint with ID %s
Unknown protocol.
Unrecognized error.
Up
Upvalue
UserInfoChangeService_001
V
VApplication001
VAvi001
VBAllocTracker001
VBaseFileSystem011
VBik001
VConComm001
VDebugService_001
VDmeMakeFileUtils001
VEngineCvar007
VFileSystem017
VGUI_Input005
VGUI_Panel010
VGUI_Scheme010
VGUI_Surface032
VGUI_System010
VGUI_ivgui008
VLua
VM handler failed:
VMDLLIB001
VMaterialSystem2_001
VMediaFoundation001
VNewAsyncFileSystem001
VP4003
VPhysX Interface ResourceMgr v0.1
VPhysics2_Handle_Interface_001
VPhysics2_Interface_001
VProcessUtils002
VProfService_001
VR_001
VRenderDeviceSetupV001
VScript Lua: Unhandled variant type %s.
VScriptDbg
VScriptManager010
VStringTokenSystem001
V_FixDoubleSlashes
V_FixSlashes
V_GetErrno
V_IsAbsolutePath
V_PrettifyNum
V_RemoveDotSlashes
V_SetErrno
V_StrTrim
V_StripTrailingSlash
V_UTF16ToUTF8
V_UTF32ToUTF8
V_UTF8CharsToUTF16
V_UTF8ToUTF32
V_UnicodeCaseConvert(char const*, char*, int, int, EStringConvertErrorPolicy)
V_UnicodeLength(char const*)
V_UnqualifiedFileName
V_acosf
V_asinf
V_atan2f
V_atanf
V_atof
V_atofloat64
V_atoi
V_cosf
V_expf
V_fmodf
V_frexpf
V_localeconv
V_logf
V_powf
V_qsort_s
V_sincosf
V_sinf
V_snprintf
V_snwprintf_cch
V_sscanf
V_stricmp_fast
V_stristr_fast(char const*, char const*)
V_strlower_fast
V_strnchr
V_strnlen
V_strtod
V_strtoi64
V_strtoui64
V_strupper_fast
V_swscanf
V_tanf
V_tier0_strstr
V_vsnprintf
V_vsnprintfRet
V_vsnprintfSize
V_wcstod
V_wcstoi64
Vector
Vector2D
Vector4D
VisBuilder_001
WARNING: Lua allocation of %llu failed
WARNING: Lua unable to create VM
WARNING: Lua unmap unable to decommit all pages
WARNING: Lua unmap unable to find %llu pages
WIN32
WINDOWS
WINXP
WSAEACCES
WSAEADDRINUSE
WSAEADDRNOTAVAIL
WSAEAFNOSUPPORT
WSAEALREADY
WSAEBADF
WSAECANCELLED
WSAECONNABORTED
WSAECONNREFUSED
WSAECONNRESET
WSAEDESTADDRREQ
WSAEDQUOT
WSAEFAULT
WSAEHOSTDOWN
WSAEHOSTUNREACH
WSAEINPROGRESS
WSAEINTR
WSAEINVAL
WSAEISCONN
WSAELOOP
WSAEMFILE
WSAEMSGSIZE
WSAENAMETOOLONG
WSAENETDOWN
WSAENETRESET
WSAENETUNREACH
WSAENOBUFS
WSAENOPROTOOPT
WSAENOTCONN
WSAENOTEMPTY
WSAENOTSOCK
WSAEOPNOTSUPP
WSAEPFNOSUPPORT
WSAEPROTONOSUPPORT
WSAEPROTOTYPE
WSAEREMOTE
WSAESHUTDOWN
WSAESOCKTNOSUPPORT
WSAESTALE
WSAETIMEDOUT
WSAETOOMANYREFS
WSAEUSERS
WSAEWOULDBLOCK
Waiting for debugger connection...
Warning
Warning:  %s = '%s' is infinite, clamping value.
WorkshopSetup001
WorldRendererBuilderMgr001
WorldRendererMgr001
X360
Xbox VDP is not supported on this platform.
[%.3f server clamped to %.3f]
[%d]
\
^$*+?.([%-
_
_%x%llx_%s
_Bool
_Complex
_G
_IO_getc
_IO_getc@@GLIBC_2.2.5
_IO_putc
_IO_putc@@GLIBC_2.2.5
_ITM_deregisterTMCloneTable
_ITM_registerTMCloneTable
_Jv_RegisterClasses
_LOADED
_LOADLIB
_M
_NAME
_PACKAGE
_PRELOAD
_VMEVENTS
_V_ComposeFileName
_V_ExtractFileExtension
_V_ExtractFilePath
_V_FileBase
_V_MakeAbsolutePath
_V_StringAfterPrefix
_V_StripExtension
_V_StripLastDir
_V_strncat
_V_strncmp
_V_strncpy
_V_strnicmp_fast
_V_strnistr_fast
_ZNSs4_Rep10_M_destroyERKSaIcE@@GLIBCXX_3.4
_ZNSs4_Rep20_S_empty_rep_storageE@@GLIBCXX_3.4
_ZNSs6appendEPKcm@@GLIBCXX_3.4
_ZNSs7reserveEm@@GLIBCXX_3.4
_ZTVN10__cxxabiv117__class_type_infoE@@CXXABI_1.3
_ZTVN10__cxxabiv120__si_class_type_infoE@@CXXABI_1.3
_ZTVN10__cxxabiv121__vmi_class_type_infoE@@CXXABI_1.3
__add
__alignof
__alignof__
__asm
__asm__
__attribute
__attribute__
__attribute__((vector_size(
__bss_start
__builtin_va_list
__call
__cdecl
__complex
__complex__
__const
__const__
__cxa_atexit
__cxa_atexit@@GLIBC_2.2.5
__cxa_finalize
__cxa_finalize@@GLIBC_2.2.5
__cxa_guard_abort
__cxa_guard_abort@@CXXABI_1.3
__cxa_guard_acquire
__cxa_guard_acquire@@CXXABI_1.3
__cxa_guard_release
__cxa_guard_release@@CXXABI_1.3
__cxa_pure_virtual
__cxa_pure_virtual@@CXXABI_1.3
__cxa_throw_bad_array_new_length
__cxa_throw_bad_array_new_length@@CXXABI_1.3.8
__declspec
__div
__eq
__errno_location
__errno_location@@GLIBC_2.2.5
__extension__
__fastcall
__gc
__gmon_start__
__gnuc_va_list
__gxx_personality_v0
__gxx_personality_v0@@CXXABI_1.3
__index
__index__newindex__gc__mode__eq__len__lt__le__concat__call__add__sub__mul__div__mod__pow__unm__metatable__tostring__new__pairs__ipairs
__inline
__inline__
__int16
__int32
__int64
__int8
__isoc99_fscanf
__isoc99_fscanf@@GLIBC_2.7
__len
__memcpy_chk
__memcpy_chk@@GLIBC_2.3.4
__mode
__mul
__newindex
__pthread_key_create
__pthread_key_create@@GLIBC_2.2.5
__ptr32
__ptr64
__restrict
__restrict__
__self
__signed
__signed__
__sourceid
__stack_chk_fail
__stack_chk_fail@@GLIBC_2.4
__stdcall
__sub
__thiscall
__tls_get_addr
__tls_get_addr@@GLIBC_2.3
__tostring
__unm
__userdata_metatable
__volatile
__volatile__
_edata
_end
_fini
_init
_t
`
a
abort
abort@@GLIBC_2.2.5
accept
accept@@GLIBC_2.2.5
activelines
all_projects_common_code.cpp
ambiguous syntax (function call x new statement)
appid
archive
asm
assertion failed!
at %p
attempt to %s %s '%s' (a %s value)
attempt to %s a %s value
attempt to call a %s value
attempt to compare %s with %s
attempt to compare '%s' with '%s'
attempt to compare two %s values
attempt to concatenate '%s' and '%s'
attempt to get length of '%s'
attempt to load chunk with wrong mode
attempt to perform arithmetic on '%s' and '%s'
attempt to redefine '%s'
attempt to use a closed file
attempt to write to constant location
attempt to yield across C-call boundary
auto
bad action while in __gc metamethod
bad argument #%d to '%s' (%s)
bad callback
bad light userdata pointer
bad storage class
base out of range
base64.cpp
bind
bind@@GLIBC_2.2.5
bit
bitstring.cpp
bool
boolean
boolean or proxy expected
borrow
break
breakpoint
breakpoint_get
breakpoint_remove
breakpoint_set
breakpoint_update
buildvm_x86.dasc
c
call
calling '%s' on bad self (%s)
cannot change a protected metatable
cannot close standard file
cannot convert '%s' to '%s'
cannot load incompatible bytecode
cannot load malformed bytecode
cannot read %s: %s
cannot resume dead coroutine
cannot resume non-suspended coroutine
cannot resume running coroutine
cannot use '...' outside a vararg function
ccode:/
cdata
cdata<%s>: %d
cdata<%s>: %p
char
character
characterset.cpp
cheat
checksum_crc.cpp
chunk has more than %d local variables
chunk has too many lines
chunk has too many syntax levels
clearerr
clearerr@@GLIBC_2.2.5
client
clientcmd_can_execute
close@@GLIBC_2.2.5
code
color
command
complex
concatenate
config
configvalue.cpp
connect
connect@@GLIBC_2.2.5
const
constants
cont
context
context_get
context_names
control structure too long
convar.cpp
coroutine
coroutine expected
coroutine_list
cosh
cosh@@GLIBC_2.2.5
cpath
crtoverride.cpp
crtstuff.c
cstring
ctype
ctype<%s>
currentline
d
dead
debug
declaration specifier expected
delete
desc
developer
disabled
dl_iterate_phdr
dl_iterate_phdr@@GLIBC_2.2.5
dlclose
dlclose@@GLIBC_2.2.5
dlerror
dlerror@@GLIBC_2.2.5
dlopen
dlopen@@GLIBC_2.2.5
dlsym
dlsym@@GLIBC_2.2.5
do
dofile
double
duplicate label '%s'
e
else
elseif
enabled
encoding
enum
error in error handling
eval
exit
exit@@GLIBC_2.2.5
exprevaluator.cpp
extern
external hook
f
false
fclose
fclose@@GLIBC_2.2.5
feature
feature_get
feature_name
feature_set
feof
feof@@GLIBC_2.2.5
ferror
ferror@@GLIBC_2.2.5
ffi
fflush
fflush@@GLIBC_2.2.5
fgets
fgets@@GLIBC_2.2.5
field
field '%s' missing in date table
file (%p)
file (closed)
file:///
file:///e:/work/valve/source2/main/game/core/scripts/vscripts/animationsystem/animationsysteminit.lua
filename
fileuri
flnSu
float
float( %f )
float64
floor
floor@@GLIBC_2.2.5
floorf
floorf@@GLIBC_2.2.5
fopen64
fopen64@@GLIBC_2.2.5
for
fprintf
fprintf@@GLIBC_2.2.5
fputc
fputc@@GLIBC_2.2.5
fputs
fputs@@GLIBC_2.2.5
fread
fread@@GLIBC_2.2.5
free
free@@GLIBC_2.2.5
fseeko64
fseeko64@@GLIBC_2.2.5
ftello64
ftello64@@GLIBC_2.2.5
fu
fullname
func
function
function arguments expected
function at line %d has more than %d %s
function or expression too complex
function or level expected
function too long for return fixup
function: builtin#%d
fwrite
fwrite@@GLIBC_2.2.5
g
g_Tier1_CRC32Table
g_Tier1_CRC64Table
g_pMemAlloc
game
generichash.cpp
get length of
getenv
getenv@@GLIBC_2.2.5
gethostbyname
gethostbyname@@GLIBC_2.2.5
gfind
global
gmatch
goto
handle_lightbinding
hit_condition
hit_count
hit_value
hscript
hscript_lightbinding
i
idekey
in function '%s'
in function <%s:%d>
in main chunk
index
index out of range
inet_ntoa
inet_ntoa@@GLIBC_2.2.5
init
inline
int
int( %d = 0x%X )
int16_t
int32_t
int64_t
int8_t
integer
interface.cpp
interfaces.cpp
intptr_t
invalid C type
invalid capture index
invalid escape sequence
invalid format
invalid format (repeated flags)
invalid format (width or precision too long)
invalid key to 'next'
invalid level
invalid long string delimiter
invalid option
invalid option '%%%c' to 'format'
invalid option '%s'
invalid order function for sorting
invalid pattern capture
invalid replacement value (a %s)
invalid value
invalid value (%s) at index %d in table for 'concat'
io
ioctl
ioctl@@GLIBC_2.2.5
isvararg
js_array
js_object
js_raw_args
js_value
json_parser.c
keyvalues.cpp
kv
l
language
lastlinedefined
ld-linux-x86-64.so.2
ldexp
ldexp@@GLIBC_2.2.5
level
level out of range
lexical element too long
lib%s
lib_aux.c
lib_base.c
lib_bit.c
lib_debug.c
lib_ffi.c
lib_io.c
lib_math.c
lib_package.c
lib_string.c
lib_table.c
libc.so.6
libdl.so.2
libm.so.6
libpthread.so.0
libstdc++.so.6
libtier0.so
libvscript.so
libvstdlib.so
lineno
listen
listen@@GLIBC_2.2.5
lj_alloc.c
lj_alloc_f_VALVE_OVERRIDEN
lj_api.c
lj_asm.c
lj_bc.c
lj_bcwrite.c
lj_carith.c
lj_ccall.c
lj_ccallback.c
lj_cconv.c
lj_cdata.c
lj_char.c
lj_clib.c
lj_cparse.c
lj_crecord.c
lj_ctype.c
lj_debug.c
lj_dispatch.c
lj_err.c
lj_ffrecord.c
lj_func.c
lj_gc.c
lj_ir.c
lj_lex.c
lj_lib.c
lj_load.c
lj_mcode.c
lj_meta.c
lj_obj.c
lj_opt_dce.c
lj_opt_fold.c
lj_opt_loop.c
lj_opt_mem.c
lj_opt_narrow.c
lj_opt_sink.c
lj_parse.c
lj_record.c
lj_snap.c
lj_state.c
lj_str.c
lj_strscan.c
lj_tab.c
lj_trace.c
lj_udata.c
lj_vmevent.c
lj_vmmath.c
loaded
loaders
loadfile
loadfile requires a filename argument.
loadlib
local variables
long
long double
loop in gettable
loop in settable
loop or previous error loading module '%s'
luaJIT_BC_%s
luaJIT_setmode
luaJIT_version_2_0_4
luaL_addlstring
luaL_addstring
luaL_addvalue
luaL_argerror
luaL_buffinit
luaL_callmeta
luaL_checkany
luaL_checkinteger
luaL_checklstring
luaL_checknumber
luaL_checkoption
luaL_checkstack
luaL_checktype
luaL_checkudata
luaL_error
luaL_execresult
luaL_fileresult
luaL_findtable
luaL_getmetafield
luaL_gsub
luaL_loadbuffer
luaL_loadbufferx
luaL_loadfile
luaL_loadfilex
luaL_loadstring
luaL_newmetatable
luaL_newstate
luaL_openlib
luaL_optinteger
luaL_optlstring
luaL_optnumber
luaL_prepbuffer
luaL_pushresult
luaL_ref
luaL_register
luaL_traceback
luaL_typerror
luaL_unref
luaL_where
lua_VALVE_HOOK_ALLOCATIONS
lua_VALVE_OVERRIDE_MMAP
lua_assert_on_error
lua_atpanic
lua_call
lua_checkstack
lua_close
lua_concat
lua_cpcall
lua_createtable
lua_debug>
lua_dump
lua_equal
lua_error
lua_gc
lua_getallocf
lua_getfenv
lua_getfield
lua_gethook
lua_gethookcount
lua_gethookmask
lua_getinfo
lua_getlocal
lua_getmetatable
lua_getstack
lua_gettable
lua_gettop
lua_getupvalue
lua_insert
lua_iscfunction
lua_isnumber
lua_isstring
lua_isuserdata
lua_lessthan
lua_load
lua_loadx
lua_newstate
lua_newthread
lua_newuserdata
lua_next
lua_objlen
lua_pcall
lua_pushboolean
lua_pushcclosure
lua_pushfstring
lua_pushinteger
lua_pushlightuserdata
lua_pushlstring
lua_pushnil
lua_pushnumber
lua_pushstring
lua_pushthread
lua_pushvalue
lua_pushvfstring
lua_rawequal
lua_rawget
lua_rawgeti
lua_rawset
lua_rawseti
lua_remove
lua_replace
lua_report_memory
lua_resume
lua_setallocf
lua_setfenv
lua_setfield
lua_sethook
lua_setlocal
lua_setmetatable
lua_settable
lua_settop
lua_setupvalue
lua_status
lua_toboolean
lua_tocfunction
lua_tointeger
lua_tolstring
lua_tonumber
lua_topointer
lua_tothread
lua_touserdata
lua_type
lua_typename
lua_upvalueid
lua_upvaluejoin
lua_xmove
lua_yield
luaopen_%s
luaopen_base
luaopen_bit
luaopen_debug
luaopen_ffi
luaopen_io
luaopen_math
luaopen_package
luaopen_string
luaopen_table
l|%d|%s
m
main function has more than %d %s
malformed number
malformed pattern (ends with '%')
malformed pattern (missing ']')
malloc
malloc@@GLIBC_2.2.5
manifestregistrar.cpp
math
mathlib.cpp
max. %f
max_children
max_data
max_depth
memchr
memchr@@GLIBC_2.2.5
memcmp
memcmp@@GLIBC_2.2.5
memcpy
memcpy@@GLIBC_2.14
memmove
memmove@@GLIBC_2.2.5
memoverride.cpp
mempool.cpp
memset
memset@@GLIBC_2.2.5
metamethod
min. %f
missing '[' after '%f' in pattern
missing declaration for symbol '%s'
mmap64
mmap64@@GLIBC_2.2.5
module
module '%s' not found:%s
mprotect
mprotect@@GLIBC_2.2.5
mremap
mremap@@GLIBC_2.2.5
munmap
munmap@@GLIBC_2.2.5
n
nS
nSl
name conflict for module '%s'
namewhat
next
nil
nil or table expected
nlS
no calling environment
no loop to break
no value
none
normal
not
notconnected
notify
nparams
number
numchildren
nups
o
open
operator delete(void*)
operator delete[](void*)
operator new(unsigned long)
operator new[](unsigned long)
p
package
page
pagesize
pairs
parent
pattern too complex
pclose
pclose@@GLIBC_2.2.5
perform arithmetic on
poll
poll@@GLIBC_2.2.5
popen
popen@@GLIBC_2.2.5
preload
print
printstack
property
property_get
property_set
proto
protocol_version
pthread_mutex_destroy
pthread_mutex_destroy@@GLIBC_2.2.5
pthread_mutex_init
pthread_mutex_init@@GLIBC_2.2.5
pthread_mutex_lock
pthread_mutex_lock@@GLIBC_2.2.5
pthread_mutex_unlock
pthread_mutex_unlock@@GLIBC_2.2.5
pthread_mutexattr_init
pthread_mutexattr_init@@GLIBC_2.2.5
pthread_mutexattr_settype
pthread_mutexattr_settype@@GLIBC_2.2.5
pthread_once
pthread_once@@GLIBC_2.2.5
ptr( 0x%p )
ptrdiff_t
qangle
quaternion
quaternionaligned.cpp
r
randsse.cpp
rb
reader function must return a string
reason
recv
recv@@GLIBC_2.2.5
register
repeat
replicated
require
resourcehandle
response
restrict
return %s
returnType
run
running
runtime code generation failed, restricted kernel?
s
schemabindings.cpp
schemasystem
scripts/vscripts/%s
searchpath
seeall
send
send@@GLIBC_2.2.5
server_can_execute
session
setsockopt
setsockopt@@GLIBC_2.2.5
setvbuf
setvbuf@@GLIBC_2.2.5
short
short_src
shutdown
shutdown@@GLIBC_2.2.5
signal
signed
singleplayer
sinh
sinh@@GLIBC_2.2.5
size of C type is unknown or too large
size_t
sizeof
socket
socket@@GLIBC_2.2.5
socketlib.cpp
source
sprintf
sprintf@@GLIBC_2.2.5
sqrtf
sqrtf@@GLIBC_2.2.5
ss_added
sseconst.cpp
stack overflow
stack overflow (%s)
stack traceback:
stack_get
standard file is closed
start
starting
state
static
status
std::string::_Rep::_M_destroy(std::allocator<char> const&)
std::string::_Rep::_S_empty_rep_storage
std::string::append(char const*, unsigned long)
std::string::reserve(unsigned long)
stderr
stderr@@GLIBC_2.2.5
stdin
stdin@@GLIBC_2.2.5
stdout
stdout@@GLIBC_2.2.5
step_into
step_out
step_over
stop
stopped
stopping
strchr
strchr@@GLIBC_2.2.5
strcmp
strcmp@@GLIBC_2.2.5
strcpy
strcpy@@GLIBC_2.2.5
strdup
strdup@@GLIBC_2.2.5
stream
strerror
strerror@@GLIBC_2.2.5
string length overflow
string slice too long
string/function/table expected
stringpool.cpp
strlen
strlen@@GLIBC_2.2.5
strncpy@@GLIBC_2.2.5
strpbrk
strpbrk@@GLIBC_2.2.5
strrchr
strrchr@@GLIBC_2.2.5
strstr@@GLIBC_2.2.5
strtol
strtol@@GLIBC_2.2.5
strtoul
strtoul@@GLIBC_2.2.5
struct
success
supported
suspended
syntax error
t
table index is NaN
table index is nil
table overflow
tail return
tanh
tanh@@GLIBC_2.2.5
then
thread
tier1.cpp
tier2.cpp
tmpfile64
tmpfile64@@GLIBC_2.2.5
too many arguments
too many callbacks
too many captures
too many initializers for '%s'
too many nested functions
too many results to unpack
trace
traceback
transaction_id
true
type parameter
typedef
typeinfo for CThreadSyncObject
u
u64( %lld = 0x%llX )
uint16
uint16_t
uint32_t
uint64
uint64_t
uint8
uint8_t
uintptr_t
unable to dump given function
unable to generate a unique filename
unbalanced pattern
undeclared or implicit tag '%s'
undefined label '%s'
unexpected symbol
unfinished capture
unfinished long comment
unfinished long string
unfinished string
ungetc
ungetc@@GLIBC_2.2.5
union
unknown
unknown or malformed optimization flag '%s'
unknown_variant_type
unsigned
unsigned char
until
unused
upval
upvalue
upvalues
urn:debugger_protocol_v1
user
userdata
userdata length overflow
utlbuffer.cpp
utlmemory.cpp
utlstring.cpp
utlstringtoken
utlstringtoken.cpp
utlsymbol.cpp
u|%d|%s
v
va_list
value expected
variable names
variant
vec3.cpp
vector
vector.cpp
vector2d
vector4d
vlua.cpp
vlua_function_description.cpp
vluadbg.cpp
vluadbgp.cpp
vmatrix.cpp
void
volatile
vscript.cpp
vtable for __cxxabiv1::__class_type_info
vtable for __cxxabiv1::__si_class_type_info
vtable for __cxxabiv1::__vmi_class_type_info
wb
wchar_t
wcscmp
wcscmp@@GLIBC_2.2.5
wcslen
wcslen@@GLIBC_2.2.5
while
wrong number of arguments for function call
wrong number of arguments to 'insert'
wrong number of type parameters
x64
xmlns
y
{
{}()':
||
}
~=
